Using pre-set license
Built from '2022.3/staging' branch; Version is '2022.3.9f1 (ea401c316338) revision 15351836'; Using compiler version '192829333'; Build Type 'Release'
OS: 'Windows 11  (10.0.22621) 64bit CoreSingleLanguage' Language: 'tr' Physical Memory: 16108 MB
BatchMode: 1, IsHumanControllingUs: 0, StartBugReporterOnCrash: 0, Is64bit: 1, IsPro: 1

COMMAND LINE ARGUMENTS:
C:\Program Files\Unity\Hub\Editor\2022.3.9f1\Editor\Unity.exe
-adb2
-batchMode
-noUpm
-name
AssetImportWorker0
-projectPath
D:/UnityProjj/Q6
-logFile
Logs/AssetImportWorker0.log
-srvPort
35954
Successfully changed project path to: D:/UnityProjj/Q6
D:/UnityProjj/Q6
[UnityMemory] Configuration Parameters - Can be set up in boot.config
    "memorysetup-bucket-allocator-granularity=16"
    "memorysetup-bucket-allocator-bucket-count=8"
    "memorysetup-bucket-allocator-block-size=33554432"
    "memorysetup-bucket-allocator-block-count=8"
    "memorysetup-main-allocator-block-size=16777216"
    "memorysetup-thread-allocator-block-size=16777216"
    "memorysetup-gfx-main-allocator-block-size=16777216"
    "memorysetup-gfx-thread-allocator-block-size=16777216"
    "memorysetup-cache-allocator-block-size=4194304"
    "memorysetup-typetree-allocator-block-size=2097152"
    "memorysetup-profiler-bucket-allocator-granularity=16"
    "memorysetup-profiler-bucket-allocator-bucket-count=8"
    "memorysetup-profiler-bucket-allocator-block-size=33554432"
    "memorysetup-profiler-bucket-allocator-block-count=8"
    "memorysetup-profiler-allocator-block-size=16777216"
    "memorysetup-profiler-editor-allocator-block-size=1048576"
    "memorysetup-temp-allocator-size-main=16777216"
    "memorysetup-job-temp-allocator-block-size=2097152"
    "memorysetup-job-temp-allocator-block-size-background=1048576"
    "memorysetup-job-temp-allocator-reduction-small-platforms=262144"
    "memorysetup-allocator-temp-initial-block-size-main=262144"
    "memorysetup-allocator-temp-initial-block-size-worker=262144"
    "memorysetup-temp-allocator-size-background-worker=32768"
    "memorysetup-temp-allocator-size-job-worker=262144"
    "memorysetup-temp-allocator-size-preload-manager=33554432"
    "memorysetup-temp-allocator-size-nav-mesh-worker=65536"
    "memorysetup-temp-allocator-size-audio-worker=65536"
    "memorysetup-temp-allocator-size-cloud-worker=32768"
    "memorysetup-temp-allocator-size-gi-baking-worker=262144"
    "memorysetup-temp-allocator-size-gfx=262144"
Player connection [3108] Host "[IP] 172.16.5.152 [Port] 0 [Flags] 2 [Guid] 936956490 [EditorId] 936956490 [Version] 1048832 [Id] WindowsEditor(7,YY_) [Debug] 1 [PackageName] WindowsEditor [ProjectName] Editor" joined multi-casting on [225.0.0.222:54997]...

Player connection [3108] Host "[IP] 172.16.5.152 [Port] 0 [Flags] 2 [Guid] 936956490 [EditorId] 936956490 [Version] 1048832 [Id] WindowsEditor(7,YY_) [Debug] 1 [PackageName] WindowsEditor [ProjectName] Editor" joined alternative multi-casting on [225.0.0.222:34997]...

[Physics::Module] Initialized MultithreadedJobDispatcher with 19 workers.
Refreshing native plugins compatible for Editor in 4.57 ms, found 3 plugins.
Preloading 0 native plugins for Editor in 0.00 ms.
Initialize engine version: 2022.3.9f1 (ea401c316338)
[Subsystems] Discovering subsystems at path C:/Program Files/Unity/Hub/Editor/2022.3.9f1/Editor/Data/Resources/UnitySubsystems
[Subsystems] Discovering subsystems at path D:/UnityProjj/Q6/Assets
GfxDevice: creating device client; threaded=0; jobified=0
Direct3D:
    Version:  Direct3D 11.0 [level 11.1]
    Renderer: Intel(R) Iris(R) Xe Graphics (ID=0xa7a0)
    Vendor:   Intel
    VRAM:     8054 MB
    Driver:   31.0.101.4146
Initialize mono
Mono path[0] = 'C:/Program Files/Unity/Hub/Editor/2022.3.9f1/Editor/Data/Managed'
Mono path[1] = 'C:/Program Files/Unity/Hub/Editor/2022.3.9f1/Editor/Data/MonoBleedingEdge/lib/mono/unityjit-win32'
Mono config path = 'C:/Program Files/Unity/Hub/Editor/2022.3.9f1/Editor/Data/MonoBleedingEdge/etc'
Using monoOptions --debugger-agent=transport=dt_socket,embedding=1,server=y,suspend=n,address=127.0.0.1:56120
Begin MonoManager ReloadAssembly
Registering precompiled unity dll's ...
Register platform support module: C:/Program Files/Unity/Hub/Editor/2022.3.9f1/Editor/Data/PlaybackEngines/WebGLSupport/UnityEditor.WebGL.Extensions.dll
Register platform support module: C:/Program Files/Unity/Hub/Editor/2022.3.9f1/Editor/Data/PlaybackEngines/AndroidPlayer/UnityEditor.Android.Extensions.dll
Register platform support module: C:/Program Files/Unity/Hub/Editor/2022.3.9f1/Editor/Data/PlaybackEngines/WindowsStandaloneSupport/UnityEditor.WindowsStandalone.Extensions.dll
Registered in 0.006402 seconds.
- Loaded All Assemblies, in  0.232 seconds
Native extension for WindowsStandalone target not found
Native extension for Android target not found
Android Extension - Scanning For ADB Devices 208 ms
Native extension for WebGL target not found
Mono: successfully reloaded assembly
- Finished resetting the current domain, in  0.415 seconds
Domain Reload Profiling: 645ms
	BeginReloadAssembly (69ms)
		ExecutionOrderSort (0ms)
		DisableScriptedObjects (0ms)
		BackupInstance (0ms)
		ReleaseScriptingObjects (0ms)
		CreateAndSetChildDomain (0ms)
	RebuildCommonClasses (21ms)
	RebuildNativeTypeToScriptingClass (6ms)
	initialDomainReloadingComplete (41ms)
	LoadAllAssembliesAndSetupDomain (94ms)
		LoadAssemblies (68ms)
		RebuildTransferFunctionScriptingTraits (0ms)
		AnalyzeDomain (92ms)
			TypeCache.Refresh (92ms)
				TypeCache.ScanAssembly (83ms)
			ScanForSourceGeneratedMonoScriptInfo (0ms)
			ResolveRequiredComponents (0ms)
	FinalizeReload (415ms)
		ReleaseScriptCaches (0ms)
		RebuildScriptCaches (0ms)
		SetupLoadedEditorAssemblies (376ms)
			LogAssemblyErrors (0ms)
			InitializePlatformSupportModulesInManaged (283ms)
			SetLoadedEditorAssemblies (3ms)
			RefreshPlugins (0ms)
			BeforeProcessingInitializeOnLoad (1ms)
			ProcessInitializeOnLoadAttributes (60ms)
			ProcessInitializeOnLoadMethodAttributes (29ms)
			AfterProcessingInitializeOnLoad (0ms)
			EditorAssembliesLoaded (0ms)
		ExecutionOrderSort2 (0ms)
		AwakeInstancesAfterBackupRestoration (0ms)
========================================================================
Worker process is ready to serve import requests
Begin MonoManager ReloadAssembly
- Loaded All Assemblies, in  0.361 seconds
Refreshing native plugins compatible for Editor in 1.26 ms, found 3 plugins.
Native extension for WindowsStandalone target not found
Native extension for Android target not found
Native extension for WebGL target not found
Package Manager log level set to [2]
[Package Manager] Server::EnsureServerProcessIsRunning -- launch failed, reason: Unity was launched with the -noUpm command-line argument
[Package Manager] UpmClient::Send -- Unable to send message (not connected to UPM process).
[Package Manager] Cannot connect to Unity Package Manager local server
Mono: successfully reloaded assembly
- Finished resetting the current domain, in  0.319 seconds
Domain Reload Profiling: 679ms
	BeginReloadAssembly (84ms)
		ExecutionOrderSort (0ms)
		DisableScriptedObjects (3ms)
		BackupInstance (0ms)
		ReleaseScriptingObjects (0ms)
		CreateAndSetChildDomain (14ms)
	RebuildCommonClasses (18ms)
	RebuildNativeTypeToScriptingClass (6ms)
	initialDomainReloadingComplete (23ms)
	LoadAllAssembliesAndSetupDomain (229ms)
		LoadAssemblies (170ms)
		RebuildTransferFunctionScriptingTraits (0ms)
		AnalyzeDomain (107ms)
			TypeCache.Refresh (96ms)
				TypeCache.ScanAssembly (86ms)
			ScanForSourceGeneratedMonoScriptInfo (8ms)
			ResolveRequiredComponents (2ms)
	FinalizeReload (319ms)
		ReleaseScriptCaches (0ms)
		RebuildScriptCaches (0ms)
		SetupLoadedEditorAssemblies (223ms)
			LogAssemblyErrors (0ms)
			InitializePlatformSupportModulesInManaged (15ms)
			SetLoadedEditorAssemblies (2ms)
			RefreshPlugins (0ms)
			BeforeProcessingInitializeOnLoad (31ms)
			ProcessInitializeOnLoadAttributes (161ms)
			ProcessInitializeOnLoadMethodAttributes (10ms)
			AfterProcessingInitializeOnLoad (4ms)
			EditorAssembliesLoaded (0ms)
		ExecutionOrderSort2 (0ms)
		AwakeInstancesAfterBackupRestoration (3ms)
Launched and connected shader compiler UnityShaderCompiler.exe after 0.03 seconds
Refreshing native plugins compatible for Editor in 1.15 ms, found 3 plugins.
Preloading 0 native plugins for Editor in 0.00 ms.
Unloading 3103 Unused Serialized files (Serialized files now loaded: 0)
Unloading 31 unused Assets / (57.0 KB). Loaded Objects now: 3576.
Memory consumption went from 127.3 MB to 127.2 MB.
Total: 2.193000 ms (FindLiveObjects: 0.141400 ms CreateObjectMapping: 0.051600 ms MarkObjects: 1.918900 ms  DeleteObjects: 0.080200 ms)

AssetImportParameters requested are different than current active one (requested -> active):
  custom:container-demuxer-ogg: 62fdf1f143b41e24485cea50d1cbac27 -> 
  custom:video-codec-MediaFoundation-h265: 746d11721c4dcdbdad8f713fa42b33f4 -> 
  custom:video-decoder-ogg-theora: a1e56fd34408186e4bbccfd4996cb3dc -> 
  custom:framework-win-MediaFoundation: 216162199b28c13a410421893ffa2e32 -> 
  custom:CustomObjectIndexerAttribute: 756ad292c208cfabdd7b50bc23989ffe -> 
  custom:container-demuxer-webm: 4f35f7cbe854078d1ac9338744f61a02 -> 
  custom:container-muxer-webm: aa71ff27fc2769a1b78a27578f13a17b -> 
  custom:video-decoder-webm-vp8: 9c59270c3fd7afecdb556c50c9e8de78 -> 
  custom:SearchIndexIgnoredProperties: e643bd26f0fe6173181afceb89e7c659 -> 
  custom:AudioImporter_EditorPlatform: d09bf68614088b80899f8185d706f6e7 -> 
  custom:video-encoder-webm-vp8: eb34c28f22e8b96e1ab97ce403110664 -> 
  custom:audio-decoder-ogg-vorbis: bf7c407c2cedff20999df2af8eb42d56 -> 
  custom:audio-encoder-webm-vorbis: bf7c407c2cedff20999df2af8eb42d56 -> 
========================================================================
Received Import Request.
  Time since last request: 189510.726191 seconds.
  path: Assets/Scenes/R2cevFas-R3.unity
  artifactKey: Guid(cceb8c3896d63fe4891104109eb0d304) Importer(815301076,1909f56bfc062723c751e8b465ee728b)
Start importing Assets/Scenes/R2cevFas-R3.unity using Guid(cceb8c3896d63fe4891104109eb0d304) Importer(815301076,1909f56bfc062723c751e8b465ee728b)  -> (artifact id: '59a6c5ad90b50c1ea8d523b2fd0fb6d7') in 0.001268 seconds
Number of updated asset objects reloaded before import = 0
Number of asset objects unloaded after import = 0
========================================================================
Received Prepare
Refreshing native plugins compatible for Editor in 1.15 ms, found 3 plugins.
Preloading 0 native plugins for Editor in 0.00 ms.
Unloading 0 Unused Serialized files (Serialized files now loaded: 0)
Unloading 1 unused Assets / (0.9 KB). Loaded Objects now: 3576.
Memory consumption went from 73.8 MB to 73.8 MB.
Total: 2.254800 ms (FindLiveObjects: 0.153500 ms CreateObjectMapping: 0.071000 ms MarkObjects: 2.016500 ms  DeleteObjects: 0.013300 ms)

Prepare: number of updated asset objects reloaded= 0
AssetImportParameters requested are different than current active one (requested -> active):
  custom:container-demuxer-ogg: 62fdf1f143b41e24485cea50d1cbac27 -> 
  custom:video-codec-MediaFoundation-h265: 746d11721c4dcdbdad8f713fa42b33f4 -> 
  custom:video-decoder-ogg-theora: a1e56fd34408186e4bbccfd4996cb3dc -> 
  custom:framework-win-MediaFoundation: 216162199b28c13a410421893ffa2e32 -> 
  custom:CustomObjectIndexerAttribute: 756ad292c208cfabdd7b50bc23989ffe -> 
  custom:container-demuxer-webm: 4f35f7cbe854078d1ac9338744f61a02 -> 
  custom:container-muxer-webm: aa71ff27fc2769a1b78a27578f13a17b -> 
  custom:video-decoder-webm-vp8: 9c59270c3fd7afecdb556c50c9e8de78 -> 
  custom:SearchIndexIgnoredProperties: e643bd26f0fe6173181afceb89e7c659 -> 
  custom:AudioImporter_EditorPlatform: d09bf68614088b80899f8185d706f6e7 -> 
  custom:video-encoder-webm-vp8: eb34c28f22e8b96e1ab97ce403110664 -> 
  custom:audio-decoder-ogg-vorbis: bf7c407c2cedff20999df2af8eb42d56 -> 
  custom:audio-encoder-webm-vorbis: bf7c407c2cedff20999df2af8eb42d56 -> 
========================================================================
Received Import Request.
  Time since last request: 77.915833 seconds.
  path: Assets/TextMesh Pro/Resources/Fonts & Materials/LiberationSans SDF - Fallback.asset
  artifactKey: Guid(2e498d1c8094910479dc3e1b768306a4) Importer(815301076,1909f56bfc062723c751e8b465ee728b)
Start importing Assets/TextMesh Pro/Resources/Fonts & Materials/LiberationSans SDF - Fallback.asset using Guid(2e498d1c8094910479dc3e1b768306a4) Importer(815301076,1909f56bfc062723c751e8b465ee728b)  -> (artifact id: '7364b7b44bf775d400b5ee74f62fda59') in 0.072991 seconds
Number of updated asset objects reloaded before import = 0
Number of asset objects unloaded after import = 6
========================================================================
Received Import Request.
  Time since last request: 6.701905 seconds.
  path: Assets/FreeButtonSet/Textures/icons/128x128/plus.png
  artifactKey: Guid(c1d5c0c9c2ed348448cf389548c36f28) Importer(815301076,1909f56bfc062723c751e8b465ee728b)
Start importing Assets/FreeButtonSet/Textures/icons/128x128/plus.png using Guid(c1d5c0c9c2ed348448cf389548c36f28) Importer(815301076,1909f56bfc062723c751e8b465ee728b)  -> (artifact id: 'b09a875a116bc52387fbddaab548bddd') in 0.032282 seconds
Number of updated asset objects reloaded before import = 0
Number of asset objects unloaded after import = 3
========================================================================
Received Import Request.
  Time since last request: 0.207072 seconds.
  path: Assets/FreeButtonSet/Textures/icons/128x128/repeat.png
  artifactKey: Guid(0ac274da743a5ab49a17c782a85c7f2d) Importer(815301076,1909f56bfc062723c751e8b465ee728b)
Start importing Assets/FreeButtonSet/Textures/icons/128x128/repeat.png using Guid(0ac274da743a5ab49a17c782a85c7f2d) Importer(815301076,1909f56bfc062723c751e8b465ee728b)  -> (artifact id: 'e3b4ba56e3c017d36f8e69ee4b351626') in 0.023406 seconds
Number of updated asset objects reloaded before import = 0
Number of asset objects unloaded after import = 3
========================================================================
Received Import Request.
  Time since last request: 0.146455 seconds.
  path: Assets/TextMesh Pro/Fonts/Satisfy/Satisfy-Regular SDF.asset
  artifactKey: Guid(6131588fcd1718240adc3056c42d3d64) Importer(815301076,1909f56bfc062723c751e8b465ee728b)
Start importing Assets/TextMesh Pro/Fonts/Satisfy/Satisfy-Regular SDF.asset using Guid(6131588fcd1718240adc3056c42d3d64) Importer(815301076,1909f56bfc062723c751e8b465ee728b)  -> (artifact id: '0cf92c58eac1535596342c3fae171d7e') in 0.039774 seconds
Number of updated asset objects reloaded before import = 0
Number of asset objects unloaded after import = 6
========================================================================
Received Import Request.
  Time since last request: 0.048548 seconds.
  path: Assets/FreeButtonSet/Textures/icons/128x128/settings.png
  artifactKey: Guid(19b2b02a9feef8b4fa2f431692a804b5) Importer(815301076,1909f56bfc062723c751e8b465ee728b)
Start importing Assets/FreeButtonSet/Textures/icons/128x128/settings.png using Guid(19b2b02a9feef8b4fa2f431692a804b5) Importer(815301076,1909f56bfc062723c751e8b465ee728b)  -> (artifact id: '4391c27cdd1d4d16eabc2db7e939cd71') in 0.017617 seconds
Number of updated asset objects reloaded before import = 0
Number of asset objects unloaded after import = 3
========================================================================
Received Import Request.
  Time since last request: 0.934353 seconds.
  path: Assets/FreeButtonSet/Textures/icons/128x128/speaker.png
  artifactKey: Guid(a8bf463d0bcbdd440b693618eccf4027) Importer(815301076,1909f56bfc062723c751e8b465ee728b)
Start importing Assets/FreeButtonSet/Textures/icons/128x128/speaker.png using Guid(a8bf463d0bcbdd440b693618eccf4027) Importer(815301076,1909f56bfc062723c751e8b465ee728b)  -> (artifact id: 'c42f8633a1f4f3bf658cfa9afaf4a113') in 0.025626 seconds
Number of updated asset objects reloaded before import = 0
Number of asset objects unloaded after import = 3
========================================================================
Received Import Request.
  Time since last request: 0.883587 seconds.
  path: Assets/FreeButtonSet/Textures/icons/128x128/star.png
  artifactKey: Guid(c45822dd0d148ae4c80084e497c39961) Importer(815301076,1909f56bfc062723c751e8b465ee728b)
Start importing Assets/FreeButtonSet/Textures/icons/128x128/star.png using Guid(c45822dd0d148ae4c80084e497c39961) Importer(815301076,1909f56bfc062723c751e8b465ee728b)  -> (artifact id: '784663933256d91d94c691546023d18a') in 0.032357 seconds
Number of updated asset objects reloaded before import = 0
Number of asset objects unloaded after import = 3
========================================================================
Received Import Request.
  Time since last request: 0.601869 seconds.
  path: Assets/SpaceZeta_StreetLamps2/Materials/T_StreetLampRound1A_basecolor.png
  artifactKey: Guid(d4e2e560e008ecd40b2abd7b884d2812) Importer(815301076,1909f56bfc062723c751e8b465ee728b)
Start importing Assets/SpaceZeta_StreetLamps2/Materials/T_StreetLampRound1A_basecolor.png using Guid(d4e2e560e008ecd40b2abd7b884d2812) Importer(815301076,1909f56bfc062723c751e8b465ee728b)  -> (artifact id: 'b6b49160aee1876332c9695d18fd263b') in 0.049533 seconds
Number of updated asset objects reloaded before import = 0
Number of asset objects unloaded after import = 2
========================================================================
Received Import Request.
  Time since last request: 0.000136 seconds.
  path: Assets/SpaceZeta_StreetLamps2/Materials/T_StreetLampRound1A_metallic.png
  artifactKey: Guid(576ac496dddc963428a7f47c0fbb62b7) Importer(815301076,1909f56bfc062723c751e8b465ee728b)
Start importing Assets/SpaceZeta_StreetLamps2/Materials/T_StreetLampRound1A_metallic.png using Guid(576ac496dddc963428a7f47c0fbb62b7) Importer(815301076,1909f56bfc062723c751e8b465ee728b)  -> (artifact id: 'd27ca6714bd44934f6dc97c710079877') in 0.028628 seconds
Number of updated asset objects reloaded before import = 0
Number of asset objects unloaded after import = 2
========================================================================
Received Import Request.
  Time since last request: 0.000021 seconds.
  path: Assets/SpaceZeta_StreetLamps2/Materials/T_StreetLampRound1A_roughness.png
  artifactKey: Guid(770de1fffe66ce4419c4e894d69ffd0d) Importer(815301076,1909f56bfc062723c751e8b465ee728b)
Start importing Assets/SpaceZeta_StreetLamps2/Materials/T_StreetLampRound1A_roughness.png using Guid(770de1fffe66ce4419c4e894d69ffd0d) Importer(815301076,1909f56bfc062723c751e8b465ee728b)  -> (artifact id: '010239d2c423283e077def6715162355') in 0.025969 seconds
Number of updated asset objects reloaded before import = 0
Number of asset objects unloaded after import = 2
========================================================================
Received Import Request.
  Time since last request: 3.735474 seconds.
  path: Assets/SpaceZeta_StreetLamps2/Materials/T_StreetLampRound1B_basecolor.png
  artifactKey: Guid(700c667103824bc48a1eff5126e27968) Importer(815301076,1909f56bfc062723c751e8b465ee728b)
Start importing Assets/SpaceZeta_StreetLamps2/Materials/T_StreetLampRound1B_basecolor.png using Guid(700c667103824bc48a1eff5126e27968) Importer(815301076,1909f56bfc062723c751e8b465ee728b)  -> (artifact id: 'bbbfc0d1b5448433f04a4b92ae8f0d0d') in 0.024829 seconds
Number of updated asset objects reloaded before import = 0
Number of asset objects unloaded after import = 2
========================================================================
Received Import Request.
  Time since last request: 0.000179 seconds.
  path: Assets/SpaceZeta_StreetLamps2/Materials/T_StreetLampRound1B_metallic.png
  artifactKey: Guid(95b845144d548d640b2ba8dbbd9baba9) Importer(815301076,1909f56bfc062723c751e8b465ee728b)
Start importing Assets/SpaceZeta_StreetLamps2/Materials/T_StreetLampRound1B_metallic.png using Guid(95b845144d548d640b2ba8dbbd9baba9) Importer(815301076,1909f56bfc062723c751e8b465ee728b)  -> (artifact id: 'c70a329c209e3a3655301e3e1dfe5cd1') in 0.019342 seconds
Number of updated asset objects reloaded before import = 0
Number of asset objects unloaded after import = 2
========================================================================
Received Import Request.
  Time since last request: 0.000015 seconds.
  path: Assets/SpaceZeta_StreetLamps2/Materials/T_StreetLampRound1B_normal.png
  artifactKey: Guid(c6185f7a40782f446b17e10ad9987a59) Importer(815301076,1909f56bfc062723c751e8b465ee728b)
Start importing Assets/SpaceZeta_StreetLamps2/Materials/T_StreetLampRound1B_normal.png using Guid(c6185f7a40782f446b17e10ad9987a59) Importer(815301076,1909f56bfc062723c751e8b465ee728b)  -> (artifact id: 'e1fc7e509d274e8ce66c45ddce7b5ede') in 0.040471 seconds
Number of updated asset objects reloaded before import = 0
Number of asset objects unloaded after import = 2
========================================================================
Received Import Request.
  Time since last request: 0.231759 seconds.
  path: Assets/SpaceZeta_StreetLamps2/Materials/T_StreetLampRound2A_basecolor.png
  artifactKey: Guid(87fc88961adb3ee4196ce095ae3119bf) Importer(815301076,1909f56bfc062723c751e8b465ee728b)
Start importing Assets/SpaceZeta_StreetLamps2/Materials/T_StreetLampRound2A_basecolor.png using Guid(87fc88961adb3ee4196ce095ae3119bf) Importer(815301076,1909f56bfc062723c751e8b465ee728b)  -> (artifact id: 'e664a76ad9a773b67cff68b0ff72000e') in 0.018183 seconds
Number of updated asset objects reloaded before import = 0
Number of asset objects unloaded after import = 2
========================================================================
Received Import Request.
  Time since last request: 0.000015 seconds.
  path: Assets/SpaceZeta_StreetLamps2/Materials/T_StreetLampRound2A_roughness.png
  artifactKey: Guid(500c0cf86cea5074c9c1a56b278b54da) Importer(815301076,1909f56bfc062723c751e8b465ee728b)
Start importing Assets/SpaceZeta_StreetLamps2/Materials/T_StreetLampRound2A_roughness.png using Guid(500c0cf86cea5074c9c1a56b278b54da) Importer(815301076,1909f56bfc062723c751e8b465ee728b)  -> (artifact id: 'fbe172765314096985f6120457b0b20e') in 0.022693 seconds
Number of updated asset objects reloaded before import = 0
Number of asset objects unloaded after import = 2
========================================================================
Received Import Request.
  Time since last request: 0.506806 seconds.
  path: Assets/SpaceZeta_StreetLamps2/Materials/T_StreetLampRound2B_basecolor.png
  artifactKey: Guid(b912bad4c1a18e640840c82eea4ee187) Importer(815301076,1909f56bfc062723c751e8b465ee728b)
Start importing Assets/SpaceZeta_StreetLamps2/Materials/T_StreetLampRound2B_basecolor.png using Guid(b912bad4c1a18e640840c82eea4ee187) Importer(815301076,1909f56bfc062723c751e8b465ee728b)  -> (artifact id: '8eff1cb4cb1b1973c189c9282d330ece') in 0.029727 seconds
Number of updated asset objects reloaded before import = 0
Number of asset objects unloaded after import = 2
========================================================================
Received Import Request.
  Time since last request: 0.000057 seconds.
  path: Assets/SpaceZeta_StreetLamps2/Materials/T_StreetLampRound2B_metallic.png
  artifactKey: Guid(d110414fcaeb3c046a0794262e059328) Importer(815301076,1909f56bfc062723c751e8b465ee728b)
Start importing Assets/SpaceZeta_StreetLamps2/Materials/T_StreetLampRound2B_metallic.png using Guid(d110414fcaeb3c046a0794262e059328) Importer(815301076,1909f56bfc062723c751e8b465ee728b)  -> (artifact id: '1c0c876faf980e88fb2980685cd7ced0') in 0.020566 seconds
Number of updated asset objects reloaded before import = 0
Number of asset objects unloaded after import = 2
========================================================================
Received Import Request.
  Time since last request: 0.000019 seconds.
  path: Assets/SpaceZeta_StreetLamps2/Materials/T_StreetLampRound2B_roughness.png
  artifactKey: Guid(3f687a27243a43c4195e1835d39ee617) Importer(815301076,1909f56bfc062723c751e8b465ee728b)
Start importing Assets/SpaceZeta_StreetLamps2/Materials/T_StreetLampRound2B_roughness.png using Guid(3f687a27243a43c4195e1835d39ee617) Importer(815301076,1909f56bfc062723c751e8b465ee728b)  -> (artifact id: '0346ac4dae89b0cb3bd73feb75d69a5c') in 0.026348 seconds
Number of updated asset objects reloaded before import = 0
Number of asset objects unloaded after import = 2
========================================================================
Received Import Request.
  Time since last request: 1.257741 seconds.
  path: Assets/FreeButtonSet/Textures/icons/128x128/user.png
  artifactKey: Guid(3b902f226593c084fba20ed761508616) Importer(815301076,1909f56bfc062723c751e8b465ee728b)
Start importing Assets/FreeButtonSet/Textures/icons/128x128/user.png using Guid(3b902f226593c084fba20ed761508616) Importer(815301076,1909f56bfc062723c751e8b465ee728b)  -> (artifact id: '51546fb7b95c73136e787846a7087d46') in 0.021300 seconds
Number of updated asset objects reloaded before import = 0
Number of asset objects unloaded after import = 3
========================================================================
Received Import Request.
  Time since last request: 0.036023 seconds.
  path: Assets/FreeButtonSet/Textures/icons/128x128/x.png
  artifactKey: Guid(321dfcc1c12d7cf42b0037754b1cdf9b) Importer(815301076,1909f56bfc062723c751e8b465ee728b)
Start importing Assets/FreeButtonSet/Textures/icons/128x128/x.png using Guid(321dfcc1c12d7cf42b0037754b1cdf9b) Importer(815301076,1909f56bfc062723c751e8b465ee728b)  -> (artifact id: '7ca15c42f0242f6b2721f127cedfd96a') in 0.021155 seconds
Number of updated asset objects reloaded before import = 0
Number of asset objects unloaded after import = 3
========================================================================
Received Prepare
Refreshing native plugins compatible for Editor in 1.06 ms, found 3 plugins.
Preloading 0 native plugins for Editor in 0.00 ms.
Unloading 0 Unused Serialized files (Serialized files now loaded: 0)
Unloading 1 unused Assets / (0.9 KB). Loaded Objects now: 3624.
Memory consumption went from 74.8 MB to 74.8 MB.
Total: 2.384700 ms (FindLiveObjects: 0.154100 ms CreateObjectMapping: 0.058100 ms MarkObjects: 2.157500 ms  DeleteObjects: 0.014400 ms)

Prepare: number of updated asset objects reloaded= 0
AssetImportParameters requested are different than current active one (requested -> active):
  custom:container-demuxer-ogg: 62fdf1f143b41e24485cea50d1cbac27 -> 
  custom:video-codec-MediaFoundation-h265: 746d11721c4dcdbdad8f713fa42b33f4 -> 
  custom:video-decoder-ogg-theora: a1e56fd34408186e4bbccfd4996cb3dc -> 
  custom:framework-win-MediaFoundation: 216162199b28c13a410421893ffa2e32 -> 
  custom:CustomObjectIndexerAttribute: 756ad292c208cfabdd7b50bc23989ffe -> 
  custom:container-demuxer-webm: 4f35f7cbe854078d1ac9338744f61a02 -> 
  custom:container-muxer-webm: aa71ff27fc2769a1b78a27578f13a17b -> 
  custom:video-decoder-webm-vp8: 9c59270c3fd7afecdb556c50c9e8de78 -> 
  custom:SearchIndexIgnoredProperties: e643bd26f0fe6173181afceb89e7c659 -> 
  custom:AudioImporter_EditorPlatform: d09bf68614088b80899f8185d706f6e7 -> 
  custom:video-encoder-webm-vp8: eb34c28f22e8b96e1ab97ce403110664 -> 
  custom:audio-decoder-ogg-vorbis: bf7c407c2cedff20999df2af8eb42d56 -> 
  custom:audio-encoder-webm-vorbis: bf7c407c2cedff20999df2af8eb42d56 -> 
